<?xml version="1.0" encoding="utf-8"?><testsuites name="pytest tests"><testsuite name="pytest" errors="0" failures="0" skipped="0" tests="7" time="4.473" timestamp="2026-08-01T23:35:47.752711+00:00" hostname="agent-env-4c5e5b40-7487-4e9b-8596-c0ae2bb9af04"><testcase classname="tests.test_iteration4.TestSettings" name="test_patch_settings_basic" time="0.598" /><testcase classname="tests.test_iteration4.TestUserPin" name="test_set_verify_delete_pin" time="2.780" /><testcase classname="tests.test_iteration4.TestSettings" name="test_patch_settings_accent_premium" time="0.076" /><testcase classname="tests.test_iteration4.TestSettings" name="test_accent_forbidden_for_non_premium" time="1.128" /><testcase classname="tests.test_iteration4.TestMediaFields" name="test_update_media_new_fields" time="0.678" /><testcase classname="tests.test_iteration4.TestWatchParty" name="test_create_party_and_ws" time="1.459" /><testcase classname="tests.test_iteration4.TestProfilePin" name="test_profile_pin_flow" time="1.191" /></testsuite></testsuites>