<?xml version="1.0" encoding="utf-8"?><testsuites name="pytest tests"><testsuite name="pytest" errors="0" failures="0" skipped="0" tests="10" time="3.045" timestamp="2026-08-01T21:41:43.930068+00:00" hostname="agent-env-4c5e5b40-7487-4e9b-8596-c0ae2bb9af04"><testcase classname="tests.backend_test.TestMedia" name="test_list_media_single" time="0.271" /><testcase classname="tests.backend_test.TestPayments" name="test_checkout_requires_auth" time="0.268" /><testcase classname="tests.backend_test.TestMedia" name="test_similar_no_crash" time="0.089" /><testcase classname="tests.backend_test.TestMedia" name="test_similar_404_unknown" time="0.249" /><testcase classname="tests.backend_test.TestPayments" name="test_checkout_authenticated" time="1.372" /><testcase classname="tests.backend_test.TestWatchProgress" name="test_requires_auth" time="1.335" /><testcase classname="tests.backend_test.TestPayments" name="test_status_no_auth" time="0.303" /><testcase classname="tests.backend_test.TestPayments" name="test_status_unknown_404" time="0.069" /><testcase classname="tests.backend_test.TestWatchProgress" name="test_upsert_and_get" time="0.560" /><testcase classname="tests.backend_test.TestPlans" name="test_list_plans" time="0.079" /></testsuite></testsuites>