<?xml version="1.0" encoding="utf-8"?><testsuites name="pytest tests"><testsuite name="pytest" errors="0" failures="0" skipped="0" tests="13" time="3.855" timestamp="2026-08-01T22:30:13.735912+00:00" hostname="agent-env-4c5e5b40-7487-4e9b-8596-c0ae2bb9af04"><testcase classname="tests.backend_test.TestSubscription" name="test_current_admin_premium" time="0.429" /><testcase classname="tests.backend_test.TestSubscription" name="test_current_requires_auth" time="0.235" /><testcase classname="tests.backend_test.TestSubscription" name="test_cancel_no_stripe_sub" time="0.087" /><testcase classname="tests.backend_test.TestAdminUsers" name="test_requires_admin" time="0.753" /><testcase classname="tests.backend_test.TestSubscription" name="test_resume_no_stripe_sub" time="0.072" /><testcase classname="tests.backend_test.TestProfiles" name="test_list_requires_auth" time="0.254" /><testcase classname="tests.backend_test.TestAdminUsers" name="test_list_users" time="0.630" /><testcase classname="tests.backend_test.TestAdminUsers" name="test_toggle_admin_and_delete" time="0.678" /><testcase classname="tests.backend_test.TestProfiles" name="test_non_premium_cannot_create" time="0.764" /><testcase classname="tests.backend_test.TestProfiles" name="test_premium_create_up_to_4" time="1.215" /><testcase classname="tests.backend_test.TestAdminUsers" name="test_cannot_delete_self" time="0.139" /><testcase classname="tests.backend_test.TestMediaQualities" name="test_media_has_qualities_and_featured_order" time="0.099" /><testcase classname="tests.backend_test.TestMediaQualities" name="test_update_media_qualities" time="0.238" /></testsuite></testsuites>